<?xml version="1.0" encoding="UTF-8" standalone="yes"?><!DOCTYPE report PUBLIC "-//JACOCO//DTD Report 1.1//EN" "report.dtd">
<report name="test-service">
  <sessioninfo id="object-21061aa9" start="1683895529957" dump="1683895566710"/>
  <counter type="INSTRUCTION" missed="6500" covered="37859"/>
  <counter type="BRANCH" missed="668" covered="1351"/>
  <counter type="LINE" missed="152" covered="9237"/>
  <counter type="COMPLEXITY" missed="884" covered="2043"/>
  <counter type="METHOD" missed="291" covered="1568"/>
  <counter type="CLASS" missed="14" covered="228"/>
</report>
