<?xml version='1.0' encoding='UTF-8'?>
<!DOCTYPE coverage SYSTEM 'http://cobertura.sourceforge.net/xml/coverage-04.dtd'>
<coverage line-rate="1.0" branch-rate="0.875" lines-covered="42" lines-valid="42" branches-covered="28" branches-valid="32"
          complexity="0.0" timestamp="1695511040" version="gcovr 5.0">
    <sources>
        <source>../</source>
    </sources>
    <packages>
        <package name="src.base64" line-rate="1.0" branch-rate="0.875" complexity="0.0">
            <classes>
                <class name="decoder_cpp" filename="src/base64/decoder.cpp" line-rate="1.0" branch-rate="0.8333333333333334"
                       complexity="0.0">
                    <methods/>
                    <lines>
                        <line number="7" hits="7" branch="false"/>
                        <line number="8" hits="7" branch="false"/>
                        <line number="9" hits="16" branch="true" condition-coverage="83% (5/6)">
                            <conditions>
                                <condition number="0" type="jump" coverage="83%"/>
                            </conditions>
                        </line>
                        <line number="10" hits="9" branch="false"/>
                        <line number="13" hits="7" branch="false"/>
                        <line number="15" hits="1016" branch="false"/>
                        <line number="16" hits="239" branch="false"/>
                        <line number="17" hits="239" branch="false"/>
                        <line number="18" hits="239" branch="false"/>
                        <line number="19" hits="416" branch="true" condition-coverage="100% (2/2)">
                            <conditions>
                                <condition number="0" type="jump" coverage="100%"/>
                            </conditions>
                        </line>
                        <line number="20" hits="177" branch="false"/>
                        <line number="21" hits="177" branch="false"/>
                        <line number="22" hits="177" branch="false"/>
                        <line number="24" hits="246" branch="false"/>
                        <line number="26" hits="246" branch="true" condition-coverage="100% (2/2)">
                            <conditions>
                                <condition number="0" type="jump" coverage="100%"/>
                            </conditions>
                        </line>
                        <line number="27" hits="239" branch="true" condition-coverage="50% (1/2)">
                            <conditions>
                                <condition number="0" type="jump" coverage="50%"/>
                            </conditions>
                        </line>
                        <line number="30" hits="14" branch="false"/>
                    </lines>
                </class>
                <class name="encoder_cpp" filename="src/base64/encoder.cpp" line-rate="1.0" branch-rate="0.9"
                       complexity="0.0">
                    <methods/>
                    <lines>
                        <line number="6" hits="7" branch="false"/>
                        <line number="7" hits="7" branch="false"/>
                        <line number="8" hits="7" branch="false"/>
                        <line number="9" hits="7" branch="false"/>
                        <line number="10" hits="239" branch="false"/>
                        <line number="11" hits="239" branch="true" condition-coverage="100% (6/6)">
                            <conditions>
                                <condition number="0" type="jump" coverage="100%"/>
                            </conditions>
                        </line>
                        <line number="12" hits="177" branch="false"/>
                        <line number="13" hits="416" branch="false"/>
                        <line number="14" hits="177" branch="false"/>
                        <line number="15" hits="177" branch="false"/>
                        <line number="17" hits="239" branch="true" condition-coverage="100% (2/2)">
                            <conditions>
                                <condition number="0" type="jump" coverage="100%"/>
                            </conditions>
                        </line>
                        <line number="18" hits="5" branch="false"/>
                        <line number="19" hits="5" branch="false"/>
                        <line number="20" hits="5" branch="false"/>
                        <line number="22" hits="234" branch="false"/>
                        <line number="23" hits="234" branch="false"/>
                        <line number="24" hits="234" branch="false"/>
                        <line number="25" hits="234" branch="false"/>
                        <line number="26" hits="7" branch="false"/>
                        <line number="27" hits="7" branch="false"/>
                        <line number="28" hits="246" branch="true" condition-coverage="100% (6/6)">
                            <conditions>
                                <condition number="0" type="jump" coverage="100%"/>
                            </conditions>
                        </line>
                        <line number="29" hits="239" branch="true" condition-coverage="50% (1/2)">
                            <conditions>
                                <condition number="0" type="jump" coverage="50%"/>
                            </conditions>
                        </line>
                        <line number="31" hits="16" branch="true" condition-coverage="100% (2/2)">
                            <conditions>
                                <condition number="0" type="jump" coverage="100%"/>
                            </conditions>
                        </line>
                        <line number="32" hits="9" branch="true" condition-coverage="50% (1/2)">
                            <conditions>
                                <condition number="0" type="jump" coverage="50%"/>
                            </conditions>
                        </line>
                        <line number="34" hits="14" branch="false"/>
                    </lines>
                </class>
            </classes>
        </package>
    </packages>
</coverage>